<?xml version='1.0' encoding='UTF-8'?>
<testsuite hostname="Jeremy-Turner" name="QSU_Test.Gates.TestNormalization" tests="1" errors="0" failures="1" skipped="0" time="6.684" timestamp="2025-07-10T19:53:40">
          <properties>
[...]
</properties>
          <testcase classname="QSU_Test.Gates.TestNormalization" name="Normalization should getNormalizationValue" time="6.684">
                      <failure message="In step 60: io_out_valid=false (0, 0x0) did not equal expected=true (1, 0x1) at (Measurement_Test.scala:62)" type="org.scalatest.exceptions.TestFailedException">org.scalatest.exceptions.TestFailedException: In step 60: io_out_valid=false (0, 0x0) did not equal expected=true (1, 0x1) at (Measurement_Test.scala:62)
	at chiseltest.internal.ExceptionUtils$.createExpectFailureException(SimController.scala:190)
	at chiseltest.internal.SimController.failedExpect(SimController.scala:54)
	at chiseltest.package$Utils$.expectFailed(package.scala:390)
	at chiseltest.package$Utils$.expectBits(package.scala:381)
	at chiseltest.package$testableBool.expectInternal(package.scala:43)
	at chiseltest.package$testableBool.expect(package.scala:45)
	at QSU_Test.Gates.TestNormalization.$anonfun$new$6(Measurement_Test.scala:62)
	at QSU_Test.Gates.TestNormalization.$anonfun$new$6$adapted(Measurement_Test.scala:51)
	at chiseltest.internal.SimController.run(SimController.scala:124)
	at chiseltest.internal.Context$.$anonfun$runTest$2(Context.scala:30)
	at scala.util.DynamicVariable.withValue(DynamicVariable.scala:59)
	at chiseltest.internal.Context$.runTest(Context.scala:30)
	at chiseltest.ChiselScalatestTester.chiseltest$ChiselScalatestTester$$runTest(ChiselScalatestTester.scala:96)
	at chiseltest.ChiselScalatestTester$TestBuilder.apply(ChiselScalatestTester.scala:30)
	at QSU_Test.Gates.TestNormalization.$anonfun$new$4(Measurement_Test.scala:51)
	at org.scalatest.OutcomeOf.outcomeOf(OutcomeOf.scala:85)
	at org.scalatest.OutcomeOf.outcomeOf$(OutcomeOf.scala:83)
	at org.scalatest.OutcomeOf$.outcomeOf(OutcomeOf.scala:104)
	at org.scalatest.Transformer.apply(Transformer.scala:22)
	at org.scalatest.Transformer.apply(Transformer.scala:20)
	at org.scalatest.flatspec.AnyFlatSpecLike$$anon$5.apply(AnyFlatSpecLike.scala:1832)
	at org.scalatest.TestSuite.withFixture(TestSuite.scala:196)
	at org.scalatest.TestSuite.withFixture$(TestSuite.scala:195)
	at QSU_Test.Gates.TestNormalization.chiseltest$ChiselScalatestTester$$super$withFixture(Measurement_Test.scala:49)
	at chiseltest.ChiselScalatestTester.$anonfun$withFixture$1(ChiselScalatestTester.scala:85)
	at scala.util.DynamicVariable.withValue(DynamicVariable.scala:59)
	at chiseltest.ChiselScalatestTester.withFixture(ChiselScalatestTester.scala:85)
	at chiseltest.ChiselScalatestTester.withFixture$(ChiselScalatestTester.scala:82)
	at QSU_Test.Gates.TestNormalization.withFixture(Measurement_Test.scala:49)
	at org.scalatest.flatspec.AnyFlatSpecLike.invokeWithFixture$1(AnyFlatSpecLike.scala:1830)
	at org.scalatest.flatspec.AnyFlatSpecLike.$anonfun$runTest$1(AnyFlatSpecLike.scala:1842)
	at org.scalatest.SuperEngine.runTestImpl(Engine.scala:306)
	at org.scalatest.flatspec.AnyFlatSpecLike.runTest(AnyFlatSpecLike.scala:1842)
	at org.scalatest.flatspec.AnyFlatSpecLike.runTest$(AnyFlatSpecLike.scala:1824)
	at org.scalatest.flatspec.AnyFlatSpec.runTest(AnyFlatSpec.scala:1686)
	at org.scalatest.flatspec.AnyFlatSpecLike.$anonfun$runTests$1(AnyFlatSpecLike.scala:1900)
	at org.scalatest.SuperEngine.$anonfun$runTestsInBranch$1(Engine.scala:413)
	at scala.collection.immutable.List.foreach(List.scala:333)
	at org.scalatest.SuperEngine.traverseSubNodes$1(Engine.scala:401)
	at org.scalatest.SuperEngine.runTestsInBranch(Engine.scala:390)
	at org.scalatest.SuperEngine.$anonfun$runTestsInBranch$1(Engine.scala:427)
	at scala.collection.immutable.List.foreach(List.scala:333)
	at org.scalatest.SuperEngine.traverseSubNodes$1(Engine.scala:401)
	at org.scalatest.SuperEngine.runTestsInBranch(Engine.scala:396)
	at org.scalatest.SuperEngine.runTestsImpl(Engine.scala:475)
	at org.scalatest.flatspec.AnyFlatSpecLike.runTests(AnyFlatSpecLike.scala:1900)
	at org.scalatest.flatspec.AnyFlatSpecLike.runTests$(AnyFlatSpecLike.scala:1899)
	at org.scalatest.flatspec.AnyFlatSpec.runTests(AnyFlatSpec.scala:1686)
	at org.scalatest.Suite.run(Suite.scala:1114)
	at org.scalatest.Suite.run$(Suite.scala:1096)
	at org.scalatest.flatspec.AnyFlatSpec.org$scalatest$flatspec$AnyFlatSpecLike$$super$run(AnyFlatSpec.scala:1686)
	at org.scalatest.flatspec.AnyFlatSpecLike.$anonfun$run$1(AnyFlatSpecLike.scala:1945)
	at org.scalatest.SuperEngine.runImpl(Engine.scala:535)
	at org.scalatest.flatspec.AnyFlatSpecLike.run(AnyFlatSpecLike.scala:1945)
	at org.scalatest.flatspec.AnyFlatSpecLike.run$(AnyFlatSpecLike.scala:1943)
	at org.scalatest.flatspec.AnyFlatSpec.run(AnyFlatSpec.scala:1686)
	at org.scalatest.tools.Framework.org$scalatest$tools$Framework$$runSuite(Framework.scala:321)
	at org.scalatest.tools.Framework$ScalaTestTask.execute(Framework.scala:517)
	at sbt.TestRunner.runTest$1(TestFramework.scala:146)
	at sbt.TestRunner.run(TestFramework.scala:161)
	at sbt.TestFramework$$anon$3$$anonfun$$lessinit$greater$1.$anonfun$apply$1(TestFramework.scala:324)
	at sbt.TestFramework$.sbt$TestFramework$$withContextLoader(TestFramework.scala:284)
	at sbt.TestFramework$$anon$3$$anonfun$$lessinit$greater$1.apply(TestFramework.scala:324)
	at sbt.TestFramework$$anon$3$$anonfun$$lessinit$greater$1.apply(TestFramework.scala:324)
	at sbt.TestFunction.apply(TestFramework.scala:336)
	at sbt.Tests$.$anonfun$toTask$1(Tests.scala:435)
	at sbt.std.Transform$$anon$3.$anonfun$apply$2(Transform.scala:46)
	at sbt.std.Transform$$anon$4.work(Transform.scala:68)
	at sbt.Execute.$anonfun$submit$2(Execute.scala:282)
	at sbt.internal.util.ErrorHandling$.wideConvert(ErrorHandling.scala:23)
	at sbt.Execute.work(Execute.scala:291)
	at sbt.Execute.$anonfun$submit$1(Execute.scala:282)
	at sbt.ConcurrentRestrictions$$anon$4.$anonfun$submitValid$1(ConcurrentRestrictions.scala:265)
	at sbt.CompletionService$$anon$2.call(CompletionService.scala:64)
	at java.base/java.util.concurrent.FutureTask.run(FutureTask.java:264)
	at java.base/java.util.concurrent.Executors$RunnableAdapter.call(Executors.java:515)
	at java.base/java.util.concurrent.FutureTask.run(FutureTask.java:264)
	at java.base/java.util.concurrent.ThreadPoolExecutor.runWorker(ThreadPoolExecutor.java:1128)
	at java.base/java.util.concurrent.ThreadPoolExecutor$Worker.run(ThreadPoolExecutor.java:628)
	at java.base/java.lang.Thread.run(Thread.java:829)
Caused by: chiseltest.FailedExpectException: In step 60: io_out_valid=false (0, 0x0) did not equal expected=true (1, 0x1) at (Measurement_Test.scala:62)
	... 80 more
</failure>
                    </testcase>
          <system-out><![CDATA[]]></system-out>
          <system-err><![CDATA[]]></system-err>
        </testsuite>